<?xml version="1.0" encoding="UTF-8"?>
<testsuite name="com.alkomprar.runners.AgregarProductoRunner" tests="1" skipped="0" failures="1" errors="0" timestamp="2023-08-13T02:51:18" hostname="DESKTOP-IOH1F3C" time="143.886">
  <properties/>
  <testcase name="agregar producto exitoso al carrito" classname="com.alkomprar.runners.AgregarProductoRunner" time="143.886">
    <failure message="org.openqa.selenium.TimeoutException: Expected condition failed: waiting for visibility of element located by By.xpath: //*[@class=&quot;plp_breadcrumblist_link&quot;] (tried for 10 second(s) with 500 milliseconds interval)&#10;Build info: version: '4.7.1', revision: 'c6795baf1a3'&#10;System info: os.name: 'Windows 10', os.arch: 'amd64', os.version: '10.0', java.version: '11.0.19'&#10;Driver info: net.thucydides.core.webdriver.DevToolsWebDriverFacade" type="org.openqa.selenium.TimeoutException">org.openqa.selenium.TimeoutException: Expected condition failed: waiting for visibility of element located by By.xpath: //*[@class=&quot;plp_breadcrumblist_link&quot;] (tried for 10 second(s) with 500 milliseconds interval)
Build info: version: '4.7.1', revision: 'c6795baf1a3'
System info: os.name: 'Windows 10', os.arch: 'amd64', os.version: '10.0', java.version: '11.0.19'
Driver info: net.thucydides.core.webdriver.DevToolsWebDriverFacade
	at app//org.openqa.selenium.support.ui.WebDriverWait.timeoutException(WebDriverWait.java:87)
	at app//org.openqa.selenium.support.ui.FluentWait.until(FluentWait.java:231)
	at app//com.alkomprar.steps.ListaProductosStep.SeleccionAleatoria(ListaProductosStep.java:21)
	at app//com.alkomprar.steps.ListaProductosStep$ByteBuddy$PdQ1dctP.SeleccionAleatoria$accessor$wJMLATuq(Unknown Source)
	at java.base@11.0.19/jdk.internal.reflect.NativeMethodAccessorImpl.invoke0(Native Method)
	at java.base@11.0.19/jdk.internal.reflect.NativeMethodAccessorImpl.invoke(NativeMethodAccessorImpl.java:62)
	at java.base@11.0.19/jdk.internal.reflect.DelegatingMethodAccessorImpl.invoke(DelegatingMethodAccessorImpl.java:43)
	at java.base@11.0.19/java.lang.reflect.Method.invoke(Method.java:566)
	at app//net.thucydides.core.steps.StepInterceptor.invokeMethod(StepInterceptor.java:518)
	at app//net.thucydides.core.steps.StepInterceptor.executeTestStepMethod(StepInterceptor.java:498)
	at app//net.thucydides.core.steps.StepInterceptor.runTestStep(StepInterceptor.java:472)
	at app//net.thucydides.core.steps.StepInterceptor.runOrSkipMethod(StepInterceptor.java:211)
	at app//net.thucydides.core.steps.StepInterceptor.testStepResult(StepInterceptor.java:198)
	at app//net.thucydides.core.steps.StepInterceptor.intercept(StepInterceptor.java:86)
	at app//net.thucydides.core.steps.ProxyConfiguration$InterceptorDispatcher.intercept(ProxyConfiguration.java:51)
	at app//com.alkomprar.steps.ListaProductosStep$ByteBuddy$PdQ1dctP.SeleccionAleatoria(Unknown Source)
	at app//com.alkomprar.stepDefinitions.agregarProductoStepDefinitions.queElUsuarioIngreseUnProductoYSeSeleccioneUnProductoAleatorio(agregarProductoStepDefinitions.java:27)
	at âœ½.que el usuario ingrese un producto y se seleccione un producto aleatorio(file:///C:/Users/EQ01/IdeaProjects/Alkomprar/src/test/resources/Features/agregarProducto.feature:13)
</failure>
  </testcase>
  <system-out><![CDATA[]]></system-out>
  <system-err><![CDATA[ago. 12, 2023 9:51:28 P. M. org.openqa.selenium.remote.RemoteWebDriver checkNonW3CCapabilities
WARNING: Support for Legacy Capabilities is deprecated; You are sending the following invalid capabilities: [prefs]; Please update to W3C Syntax: https://www.selenium.dev/blog/2022/legacy-protocol-support/
Starting ChromeDriver 114.0.5735.90 (386bc09e8f4f2e025eddae123f36f6263096ae49-refs/branch-heads/5735@{#1052}) on port 12941
Only local connections are allowed.
Please see https://chromedriver.chromium.org/security-considerations for suggestions on keeping ChromeDriver safe.
ChromeDriver was started successfully.
[1691895092.662][WARNING]: This version of ChromeDriver has not been tested with Chrome version 115.
ago. 12, 2023 9:51:34 P. M. org.openqa.selenium.remote.ProtocolHandshake createSession
WARNING: Support for Legacy Capabilities is deprecated; You are sending the following invalid capabilities: [prefs]; Please update to W3C Syntax: https://www.selenium.dev/blog/2022/legacy-protocol-support/
ago. 12, 2023 9:51:34 P. M. org.openqa.selenium.devtools.CdpVersionFinder findNearestMatch
WARNING: Unable to find CDP implementation matching 115
ago. 12, 2023 9:51:34 P. M. org.openqa.selenium.chromium.ChromiumDriver lambda$new$3
WARNING: Unable to find version of CDP to use for . You may need to include a dependency on a specific version of the CDP using something similar to `org.seleniumhq.selenium:selenium-devtools-v86:4.7.1` where the version ("v86") matches the version of the chromium-based browser you're using and the version number of the artifact is the same as Selenium's.
?[32m?[1m??????????????????????????????????????????????????????????????????????????????????????[0m
?[32m?[1m??[0m Share your Cucumber Report with your team at ?[36m?[1m?[4mhttps://reports.cucumber.io?[0m          ?[32m?[1m??[0m
?[32m?[1m??[0m Activate publishing with one of the following:                                    ?[32m?[1m??[0m
?[32m?[1m??[0m                                                                                   ?[32m?[1m??[0m
?[32m?[1m??[0m src/test/resources/cucumber.properties:          ?[36mcucumber.publish.enabled?[0m=?[36mtrue?[0m    ?[32m?[1m??[0m
?[32m?[1m??[0m src/test/resources/junit-platform.properties:    ?[36mcucumber.publish.enabled?[0m=?[36mtrue?[0m    ?[32m?[1m??[0m
?[32m?[1m??[0m Environment variable:                            ?[36mCUCUMBER_PUBLISH_ENABLED?[0m=?[36mtrue?[0m    ?[32m?[1m??[0m
?[32m?[1m??[0m JUnit:                                           ?[36m@CucumberOptions?[0m(publish = ?[36mtrue?[0m) ?[32m?[1m??[0m
?[32m?[1m??[0m                                                                                   ?[32m?[1m??[0m
?[32m?[1m??[0m More information at ?[36mhttps://cucumber.io/docs/cucumber/environment-variables/?[0m      ?[32m?[1m??[0m
?[32m?[1m??[0m                                                                                   ?[32m?[1m??[0m
?[32m?[1m??[0m Disable this message with one of the following:                                   ?[32m?[1m??[0m
?[32m?[1m??[0m                                                                                   ?[32m?[1m??[0m
?[32m?[1m??[0m src/test/resources/cucumber.properties:          ?[36mcucumber.publish.quiet?[0m=?[36mtrue?[0m      ?[32m?[1m??[0m
?[32m?[1m??[0m src/test/resources/junit-platform.properties:    ?[36mcucumber.publish.quiet?[0m=?[36mtrue?[0m      ?[32m?[1m??[0m
?[32m?[1m??????????????????????????????????????????????????????????????????????????????????????[0m
]]></system-err>
</testsuite>
